<?xml version="1.0" encoding="UTF-8"?>
<!-- Generated by org.testng.reporters.JUnitXMLReporter -->
<testsuite ignored="0" hostname="User" failures="0" tests="5" name="Default test" time="58.101" errors="0" timestamp="2022-01-11T20:01:01 EST">
  <testcase classname="testPkg.LoginTest" name="positiveLoginFunctionalityTestClickingSubmitBtn" time="2.371"/>
  <testcase classname="testPkg.LoginTest" name="positiveLoginFunctionalityTestClickingSubmitBtn" time="3.669"/>
  <testcase classname="testPkg.LoginTest" name="positiveLoginFunctionalityTestClickingSubmitBtn" time="3.65"/>
  <testcase classname="testPkg.LoginTest" name="positiveLoginFunctionalityTestClickingSubmitBtn" time="1.809"/>
  <testcase classname="testPkg.LoginTest" name="positiveLoginFunctionalityTestClickingSubmitBtn" time="3.397"/>
</testsuite> <!-- Default test -->
