<?xml version="1.0" encoding="UTF-8"?>
<testng-results ignored="0" total="5" passed="5" failed="0" skipped="0">
  <reporter-output>
  </reporter-output>
  <suite started-at="2022-01-11T20:00:03 EST" name="Default suite" finished-at="2022-01-11T20:01:01 EST" duration-ms="58101">
    <groups>
    </groups>
    <test started-at="2022-01-11T20:00:03 EST" name="Default test" finished-at="2022-01-11T20:01:01 EST" duration-ms="58101">
      <class name="testPkg.LoginTest">
        <test-method is-config="true" signature="launchApp()[pri:0, instance:testPkg.LoginTest@2dde1bff]" started-at="2022-01-11T20:00:03 EST" name="launchApp" finished-at="2022-01-11T20:00:16 EST" duration-ms="12774" status="PASS">
          <reporter-output>
          </reporter-output>
        </test-method> <!-- launchApp -->
        <test-method signature="positiveLoginFunctionalityTestClickingSubmitBtn(java.lang.String,java.lang.String)[pri:0, instance:testPkg.LoginTest@2dde1bff]" started-at="2022-01-11T20:00:16 EST" name="positiveLoginFunctionalityTestClickingSubmitBtn" data-provider="positiveLoginData" finished-at="2022-01-11T20:00:18 EST" duration-ms="2371" status="PASS">
          <params>
            <param index="0">
              <value>
                <![CDATA[test]]>
              </value>
            </param>
            <param index="1">
              <value>
                <![CDATA[123]]>
              </value>
            </param>
          </params>
          <reporter-output>
          </reporter-output>
        </test-method> <!-- positiveLoginFunctionalityTestClickingSubmitBtn -->
        <test-method is-config="true" signature="closeBrowser()[pri:0, instance:testPkg.LoginTest@2dde1bff]" started-at="2022-01-11T20:00:18 EST" name="closeBrowser" finished-at="2022-01-11T20:00:20 EST" duration-ms="1237" status="PASS">
          <reporter-output>
          </reporter-output>
        </test-method> <!-- closeBrowser -->
        <test-method is-config="true" signature="launchApp()[pri:0, instance:testPkg.LoginTest@2dde1bff]" started-at="2022-01-11T20:00:20 EST" name="launchApp" finished-at="2022-01-11T20:00:25 EST" duration-ms="4901" status="PASS">
          <reporter-output>
          </reporter-output>
        </test-method> <!-- launchApp -->
        <test-method signature="positiveLoginFunctionalityTestClickingSubmitBtn(java.lang.String,java.lang.String)[pri:0, instance:testPkg.LoginTest@2dde1bff]" started-at="2022-01-11T20:00:25 EST" name="positiveLoginFunctionalityTestClickingSubmitBtn" data-provider="positiveLoginData" finished-at="2022-01-11T20:00:28 EST" duration-ms="3669" status="PASS">
          <params>
            <param index="0">
              <value>
                <![CDATA[test12]]>
              </value>
            </param>
            <param index="1">
              <value>
                <![CDATA[123]]>
              </value>
            </param>
          </params>
          <reporter-output>
          </reporter-output>
        </test-method> <!-- positiveLoginFunctionalityTestClickingSubmitBtn -->
        <test-method is-config="true" signature="closeBrowser()[pri:0, instance:testPkg.LoginTest@2dde1bff]" started-at="2022-01-11T20:00:28 EST" name="closeBrowser" finished-at="2022-01-11T20:00:29 EST" duration-ms="576" status="PASS">
          <reporter-output>
          </reporter-output>
        </test-method> <!-- closeBrowser -->
        <test-method is-config="true" signature="launchApp()[pri:0, instance:testPkg.LoginTest@2dde1bff]" started-at="2022-01-11T20:00:29 EST" name="launchApp" finished-at="2022-01-11T20:00:36 EST" duration-ms="6779" status="PASS">
          <reporter-output>
          </reporter-output>
        </test-method> <!-- launchApp -->
        <test-method signature="positiveLoginFunctionalityTestClickingSubmitBtn(java.lang.String,java.lang.String)[pri:0, instance:testPkg.LoginTest@2dde1bff]" started-at="2022-01-11T20:00:36 EST" name="positiveLoginFunctionalityTestClickingSubmitBtn" data-provider="positiveLoginData" finished-at="2022-01-11T20:00:39 EST" duration-ms="3650" status="PASS">
          <params>
            <param index="0">
              <value>
                <![CDATA[test123]]>
              </value>
            </param>
            <param index="1">
              <value>
                <![CDATA[123]]>
              </value>
            </param>
          </params>
          <reporter-output>
          </reporter-output>
        </test-method> <!-- positiveLoginFunctionalityTestClickingSubmitBtn -->
        <test-method is-config="true" signature="closeBrowser()[pri:0, instance:testPkg.LoginTest@2dde1bff]" started-at="2022-01-11T20:00:39 EST" name="closeBrowser" finished-at="2022-01-11T20:00:40 EST" duration-ms="404" status="PASS">
          <reporter-output>
          </reporter-output>
        </test-method> <!-- closeBrowser -->
        <test-method is-config="true" signature="launchApp()[pri:0, instance:testPkg.LoginTest@2dde1bff]" started-at="2022-01-11T20:00:40 EST" name="launchApp" finished-at="2022-01-11T20:00:48 EST" duration-ms="8187" status="PASS">
          <reporter-output>
          </reporter-output>
        </test-method> <!-- launchApp -->
        <test-method signature="positiveLoginFunctionalityTestClickingSubmitBtn(java.lang.String,java.lang.String)[pri:0, instance:testPkg.LoginTest@2dde1bff]" started-at="2022-01-11T20:00:48 EST" name="positiveLoginFunctionalityTestClickingSubmitBtn" data-provider="positiveLoginData" finished-at="2022-01-11T20:00:50 EST" duration-ms="1809" status="PASS">
          <params>
            <param index="0">
              <value>
                <![CDATA[test1234]]>
              </value>
            </param>
            <param index="1">
              <value>
                <![CDATA[12345]]>
              </value>
            </param>
          </params>
          <reporter-output>
          </reporter-output>
        </test-method> <!-- positiveLoginFunctionalityTestClickingSubmitBtn -->
        <test-method is-config="true" signature="closeBrowser()[pri:0, instance:testPkg.LoginTest@2dde1bff]" started-at="2022-01-11T20:00:50 EST" name="closeBrowser" finished-at="2022-01-11T20:00:51 EST" duration-ms="1110" status="PASS">
          <reporter-output>
          </reporter-output>
        </test-method> <!-- closeBrowser -->
        <test-method is-config="true" signature="launchApp()[pri:0, instance:testPkg.LoginTest@2dde1bff]" started-at="2022-01-11T20:00:51 EST" name="launchApp" finished-at="2022-01-11T20:00:57 EST" duration-ms="6669" status="PASS">
          <reporter-output>
          </reporter-output>
        </test-method> <!-- launchApp -->
        <test-method signature="positiveLoginFunctionalityTestClickingSubmitBtn(java.lang.String,java.lang.String)[pri:0, instance:testPkg.LoginTest@2dde1bff]" started-at="2022-01-11T20:00:57 EST" name="positiveLoginFunctionalityTestClickingSubmitBtn" data-provider="positiveLoginData" finished-at="2022-01-11T20:01:01 EST" duration-ms="3397" status="PASS">
          <params>
            <param index="0">
              <value>
                <![CDATA[test12345]]>
              </value>
            </param>
            <param index="1">
              <value>
                <![CDATA[123]]>
              </value>
            </param>
          </params>
          <reporter-output>
          </reporter-output>
        </test-method> <!-- positiveLoginFunctionalityTestClickingSubmitBtn -->
        <test-method is-config="true" signature="closeBrowser()[pri:0, instance:testPkg.LoginTest@2dde1bff]" started-at="2022-01-11T20:01:01 EST" name="closeBrowser" finished-at="2022-01-11T20:01:01 EST" duration-ms="426" status="PASS">
          <reporter-output>
          </reporter-output>
        </test-method> <!-- closeBrowser -->
      </class> <!-- testPkg.LoginTest -->
    </test> <!-- Default test -->
  </suite> <!-- Default suite -->
</testng-results>
